1624701728.883371 client started (126451): version 3.1c, socket /tmp/tmux-1000/default, protocol 8
1624701728.883429 on Linux 5.6.6-300.fc32.x86_64 #1 SMP Tue Apr 21 13:44:19 UTC 2020; libevent 2.1.8-stable (poll)
1624701728.883465 socket is /tmp/tmux-1000/default
1624701728.883652 trying connect
1624701728.883863 add peer 0x556ea1cebda0: 6 ((nil))
1624701728.884030 sending message 100 to peer 0x556ea1cebda0 (4 bytes)
1624701728.884051 sending message 101 to peer 0x556ea1cebda0 (15 bytes)
1624701728.884061 sending message 102 to peer 0x556ea1cebda0 (11 bytes)
1624701728.884070 sending message 108 to peer 0x556ea1cebda0 (35 bytes)
1624701728.884080 sending message 104 to peer 0x556ea1cebda0 (0 bytes)
1624701728.884090 sending message 107 to peer 0x556ea1cebda0 (4 bytes)
1624701728.884099 sending message 105 to peer 0x556ea1cebda0 (21 bytes)
1624701728.884108 sending message 105 to peer 0x556ea1cebda0 (41 bytes)
1624701728.884118 sending message 105 to peer 0x556ea1cebda0 (78 bytes)
1624701728.884128 sending message 105 to peer 0x556ea1cebda0 (86 bytes)
1624701728.884137 sending message 105 to peer 0x556ea1cebda0 (17 bytes)
1624701728.884145 sending message 105 to peer 0x556ea1cebda0 (26 bytes)
1624701728.884154 sending message 105 to peer 0x556ea1cebda0 (33 bytes)
1624701728.884163 sending message 105 to peer 0x556ea1cebda0 (19 bytes)
1624701728.884178 sending message 105 to peer 0x556ea1cebda0 (35 bytes)
1624701728.884189 sending message 105 to peer 0x556ea1cebda0 (18 bytes)
1624701728.884198 sending message 105 to peer 0x556ea1cebda0 (19 bytes)
1624701728.884207 sending message 105 to peer 0x556ea1cebda0 (31 bytes)
1624701728.884216 sending message 105 to peer 0x556ea1cebda0 (39 bytes)
1624701728.884225 sending message 105 to peer 0x556ea1cebda0 (15 bytes)
1624701728.884233 sending message 105 to peer 0x556ea1cebda0 (24 bytes)
1624701728.884241 sending message 105 to peer 0x556ea1cebda0 (23 bytes)
1624701728.884250 sending message 105 to peer 0x556ea1cebda0 (13 bytes)
1624701728.884259 sending message 105 to peer 0x556ea1cebda0 (54 bytes)
1624701728.884268 sending message 105 to peer 0x556ea1cebda0 (25 bytes)
1624701728.884277 sending message 105 to peer 0x556ea1cebda0 (20 bytes)
1624701728.884286 sending message 105 to peer 0x556ea1cebda0 (126 bytes)
1624701728.884295 sending message 105 to peer 0x556ea1cebda0 (13 bytes)
1624701728.884303 sending message 105 to peer 0x556ea1cebda0 (23 bytes)
1624701728.884312 sending message 105 to peer 0x556ea1cebda0 (26 bytes)
1624701728.884320 sending message 105 to peer 0x556ea1cebda0 (17 bytes)
1624701728.884329 sending message 105 to peer 0x556ea1cebda0 (22 bytes)
1624701728.884338 sending message 105 to peer 0x556ea1cebda0 (16 bytes)
1624701728.884350 sending message 105 to peer 0x556ea1cebda0 (29 bytes)
1624701728.884360 sending message 105 to peer 0x556ea1cebda0 (16 bytes)
1624701728.884368 sending message 105 to peer 0x556ea1cebda0 (30 bytes)
1624701728.884377 sending message 105 to peer 0x556ea1cebda0 (198 bytes)
1624701728.884386 sending message 105 to peer 0x556ea1cebda0 (31 bytes)
1624701728.884395 sending message 105 to peer 0x556ea1cebda0 (20 bytes)
1624701728.884404 sending message 105 to peer 0x556ea1cebda0 (19 bytes)
1624701728.884413 sending message 105 to peer 0x556ea1cebda0 (21 bytes)
1624701728.884422 sending message 105 to peer 0x556ea1cebda0 (17 bytes)
1624701728.884430 sending message 105 to peer 0x556ea1cebda0 (23 bytes)
1624701728.884439 sending message 105 to peer 0x556ea1cebda0 (47 bytes)
1624701728.884447 sending message 105 to peer 0x556ea1cebda0 (21 bytes)
1624701728.884456 sending message 105 to peer 0x556ea1cebda0 (41 bytes)
1624701728.884465 sending message 105 to peer 0x556ea1cebda0 (39 bytes)
1624701728.884503 sending message 105 to peer 0x556ea1cebda0 (8 bytes)
1624701728.884515 sending message 105 to peer 0x556ea1cebda0 (23 bytes)
1624701728.884525 sending message 105 to peer 0x556ea1cebda0 (20 bytes)
1624701728.884534 sending message 105 to peer 0x556ea1cebda0 (17 bytes)
1624701728.884543 sending message 105 to peer 0x556ea1cebda0 (11 bytes)
1624701728.884553 sending message 105 to peer 0x556ea1cebda0 (1770 bytes)
1624701728.884582 sending message 105 to peer 0x556ea1cebda0 (29 bytes)
1624701728.884612 sending message 105 to peer 0x556ea1cebda0 (11 bytes)
1624701728.884623 sending message 105 to peer 0x556ea1cebda0 (8 bytes)
1624701728.884633 sending message 105 to peer 0x556ea1cebda0 (32 bytes)
1624701728.884642 sending message 105 to peer 0x556ea1cebda0 (16 bytes)
1624701728.884652 sending message 106 to peer 0x556ea1cebda0 (0 bytes)
1624701728.884661 sending message 200 to peer 0x556ea1cebda0 (4 bytes)
1624701728.884671 client loop enter
1624701728.888228 peer 0x556ea1cebda0 message 207
1624701728.888278 sending message 208 to peer 0x556ea1cebda0 (0 bytes)
1624701736.789919 peer 0x556ea1cebda0 message 201
1624701736.789967 sending message 205 to peer 0x556ea1cebda0 (0 bytes)
1624701736.790986 peer 0x556ea1cebda0 message 204
1624701736.791020 client loop exit
